{"/home/mcvey/hackreactor/work/FEC/HOC/withClickTracker.js": {"path":"/home/mcvey/hackreactor/work/FEC/HOC/withClickTracker.js","statementMap":{"0":{"start":{"line":7,"column":25},"end":{"line":38,"column":1}},"1":{"start":{"line":10,"column":6},"end":{"line":10,"column":19}},"2":{"start":{"line":11,"column":6},"end":{"line":11,"column":22}},"3":{"start":{"line":12,"column":6},"end":{"line":12,"column":63}},"4":{"start":{"line":16,"column":19},"end":{"line":16,"column":29}},"5":{"start":{"line":17,"column":24},"end":{"line":21,"column":7}},"6":{"start":{"line":23,"column":6},"end":{"line":25,"column":9}},"7":{"start":{"line":24,"column":8},"end":{"line":24,"column":29}},"8":{"start":{"line":29,"column":6},"end":{"line":34,"column":8}},"9":{"start":{"line":37,"column":2},"end":{"line":37,"column":26}}},"fnMap":{"0":{"name":"(anonymous_0)","decl":{"start":{"line":7,"column":25},"end":{"line":7,"column":26}},"loc":{"start":{"line":7,"column":47},"end":{"line":38,"column":1}},"line":7},"1":{"name":"(anonymous_1)","decl":{"start":{"line":9,"column":4},"end":{"line":9,"column":5}},"loc":{"start":{"line":9,"column":23},"end":{"line":13,"column":5}},"line":9},"2":{"name":"(anonymous_2)","decl":{"start":{"line":15,"column":4},"end":{"line":15,"column":5}},"loc":{"start":{"line":15,"column":36},"end":{"line":26,"column":5}},"line":15},"3":{"name":"(anonymous_3)","decl":{"start":{"line":23,"column":51},"end":{"line":23,"column":52}},"loc":{"start":{"line":23,"column":62},"end":{"line":25,"column":7}},"line":23},"4":{"name":"(anonymous_4)","decl":{"start":{"line":28,"column":4},"end":{"line":28,"column":5}},"loc":{"start":{"line":28,"column":13},"end":{"line":35,"column":5}},"line":28}},"branchMap":{},"s":{"0":1,"1":1,"2":1,"3":1,"4":0,"5":0,"6":0,"7":0,"8":1,"9":1},"f":{"0":1,"1":1,"2":0,"3":0,"4":1},"b":{},"_coverageSchema":"1a1c01bbd47fc00a2c39e90264f33305004495a9","hash":"f3d08bd54d72ed36ad8a548c59a73bb704482d0a"}
,"/home/mcvey/hackreactor/work/FEC/src/Components/Reviews/AddAReviewButton.jsx": {"path":"/home/mcvey/hackreactor/work/FEC/src/Components/Reviews/AddAReviewButton.jsx","statementMap":{"0":{"start":{"line":7,"column":4},"end":{"line":7,"column":17}},"1":{"start":{"line":8,"column":4},"end":{"line":10,"column":6}},"2":{"start":{"line":11,"column":4},"end":{"line":11,"column":51}},"3":{"start":{"line":13,"column":4},"end":{"line":13,"column":73}},"4":{"start":{"line":17,"column":4},"end":{"line":21,"column":7}},"5":{"start":{"line":18,"column":6},"end":{"line":20,"column":8}},"6":{"start":{"line":25,"column":4},"end":{"line":25,"column":27}},"7":{"start":{"line":26,"column":4},"end":{"line":30,"column":7}},"8":{"start":{"line":27,"column":6},"end":{"line":29,"column":8}},"9":{"start":{"line":34,"column":29},"end":{"line":34,"column":39}},"10":{"start":{"line":35,"column":38},"end":{"line":35,"column":48}},"11":{"start":{"line":36,"column":4},"end":{"line":50,"column":6}}},"fnMap":{"0":{"name":"(anonymous_0)","decl":{"start":{"line":6,"column":2},"end":{"line":6,"column":3}},"loc":{"start":{"line":6,"column":21},"end":{"line":14,"column":3}},"line":6},"1":{"name":"(anonymous_1)","decl":{"start":{"line":16,"column":2},"end":{"line":16,"column":3}},"loc":{"start":{"line":16,"column":27},"end":{"line":22,"column":3}},"line":16},"2":{"name":"(anonymous_2)","decl":{"start":{"line":17,"column":18},"end":{"line":17,"column":19}},"loc":{"start":{"line":17,"column":37},"end":{"line":21,"column":5}},"line":17},"3":{"name":"(anonymous_3)","decl":{"start":{"line":24,"column":2},"end":{"line":24,"column":3}},"loc":{"start":{"line":24,"column":21},"end":{"line":31,"column":3}},"line":24},"4":{"name":"(anonymous_4)","decl":{"start":{"line":26,"column":18},"end":{"line":26,"column":19}},"loc":{"start":{"line":26,"column":37},"end":{"line":30,"column":5}},"line":26},"5":{"name":"(anonymous_5)","decl":{"start":{"line":33,"column":2},"end":{"line":33,"column":3}},"loc":{"start":{"line":33,"column":11},"end":{"line":51,"column":3}},"line":33}},"branchMap":{"0":{"loc":{"start":{"line":41,"column":9},"end":{"line":48,"column":16}},"type":"cond-expr","locations":[{"start":{"line":42,"column":10},"end":{"line":47,"column":12}},{"start":{"line":48,"column":12},"end":{"line":48,"column":16}}],"line":41}},"s":{"0":0,"1":0,"2":0,"3":0,"4":0,"5":0,"6":0,"7":0,"8":0,"9":0,"10":0,"11":0},"f":{"0":0,"1":0,"2":0,"3":0,"4":0,"5":0},"b":{"0":[0,0]},"_coverageSchema":"1a1c01bbd47fc00a2c39e90264f33305004495a9","hash":"ca00eedb17ca00264807402db1ab3fd5d25e4875"}
,"/home/mcvey/hackreactor/work/FEC/src/Components/Reviews/AddAReviewModal.jsx": {"path":"/home/mcvey/hackreactor/work/FEC/src/Components/Reviews/AddAReviewModal.jsx","statementMap":{"0":{"start":{"line":18,"column":4},"end":{"line":18,"column":17}},"1":{"start":{"line":19,"column":4},"end":{"line":34,"column":6}},"2":{"start":{"line":35,"column":4},"end":{"line":35,"column":59}},"3":{"start":{"line":36,"column":4},"end":{"line":36,"column":59}},"4":{"start":{"line":37,"column":4},"end":{"line":37,"column":49}},"5":{"start":{"line":38,"column":4},"end":{"line":38,"column":55}},"6":{"start":{"line":39,"column":4},"end":{"line":39,"column":55}},"7":{"start":{"line":40,"column":4},"end":{"line":40,"column":53}},"8":{"start":{"line":41,"column":4},"end":{"line":41,"column":51}},"9":{"start":{"line":42,"column":4},"end":{"line":42,"column":47}},"10":{"start":{"line":43,"column":4},"end":{"line":43,"column":55}},"11":{"start":{"line":44,"column":4},"end":{"line":44,"column":49}},"12":{"start":{"line":45,"column":4},"end":{"line":45,"column":51}},"13":{"start":{"line":46,"column":4},"end":{"line":46,"column":49}},"14":{"start":{"line":47,"column":4},"end":{"line":47,"column":51}},"15":{"start":{"line":48,"column":4},"end":{"line":48,"column":53}},"16":{"start":{"line":52,"column":24},"end":{"line":52,"column":26}},"17":{"start":{"line":53,"column":4},"end":{"line":55,"column":5}},"18":{"start":{"line":54,"column":6},"end":{"line":54,"column":29}},"19":{"start":{"line":56,"column":4},"end":{"line":58,"column":5}},"20":{"start":{"line":57,"column":6},"end":{"line":57,"column":29}},"21":{"start":{"line":59,"column":4},"end":{"line":61,"column":5}},"22":{"start":{"line":60,"column":6},"end":{"line":60,"column":32}},"23":{"start":{"line":62,"column":4},"end":{"line":64,"column":5}},"24":{"start":{"line":63,"column":6},"end":{"line":63,"column":29}},"25":{"start":{"line":65,"column":4},"end":{"line":67,"column":5}},"26":{"start":{"line":66,"column":6},"end":{"line":66,"column":30}},"27":{"start":{"line":68,"column":4},"end":{"line":71,"column":7}},"28":{"start":{"line":75,"column":4},"end":{"line":77,"column":7}},"29":{"start":{"line":81,"column":4},"end":{"line":83,"column":7}},"30":{"start":{"line":87,"column":4},"end":{"line":89,"column":7}},"31":{"start":{"line":93,"column":4},"end":{"line":95,"column":7}},"32":{"start":{"line":99,"column":4},"end":{"line":101,"column":7}},"33":{"start":{"line":105,"column":4},"end":{"line":107,"column":7}},"34":{"start":{"line":111,"column":4},"end":{"line":113,"column":7}},"35":{"start":{"line":117,"column":4},"end":{"line":119,"column":7}},"36":{"start":{"line":123,"column":4},"end":{"line":125,"column":7}},"37":{"start":{"line":129,"column":4},"end":{"line":131,"column":7}},"38":{"start":{"line":135,"column":4},"end":{"line":137,"column":7}},"39":{"start":{"line":141,"column":4},"end":{"line":143,"column":7}},"40":{"start":{"line":147,"column":4},"end":{"line":147,"column":27}},"41":{"start":{"line":148,"column":33},"end":{"line":148,"column":43}},"42":{"start":{"line":150,"column":44},"end":{"line":150,"column":52}},"43":{"start":{"line":151,"column":69},"end":{"line":151,"column":79}},"44":{"start":{"line":152,"column":31},"end":{"line":152,"column":33}},"45":{"start":{"line":153,"column":17},"end":{"line":153,"column":21}},"46":{"start":{"line":154,"column":4},"end":{"line":158,"column":5}},"47":{"start":{"line":155,"column":6},"end":{"line":155,"column":20}},"48":{"start":{"line":157,"column":6},"end":{"line":157,"column":21}},"49":{"start":{"line":160,"column":4},"end":{"line":164,"column":7}},"50":{"start":{"line":161,"column":22},"end":{"line":161,"column":42}},"51":{"start":{"line":163,"column":6},"end":{"line":163,"column":77}},"52":{"start":{"line":166,"column":25},"end":{"line":176,"column":5}},"53":{"start":{"line":178,"column":4},"end":{"line":180,"column":7}},"54":{"start":{"line":179,"column":6},"end":{"line":179,"column":15}},"55":{"start":{"line":184,"column":46},"end":{"line":184,"column":56}},"56":{"start":{"line":193,"column":8},"end":{"line":193,"column":18}},"57":{"start":{"line":194,"column":32},"end":{"line":194,"column":40}},"58":{"start":{"line":195,"column":59},"end":{"line":195,"column":74}},"59":{"start":{"line":196,"column":4},"end":{"line":351,"column":6}}},"fnMap":{"0":{"name":"(anonymous_0)","decl":{"start":{"line":17,"column":2},"end":{"line":17,"column":3}},"loc":{"start":{"line":17,"column":21},"end":{"line":49,"column":3}},"line":17},"1":{"name":"(anonymous_1)","decl":{"start":{"line":51,"column":2},"end":{"line":51,"column":3}},"loc":{"start":{"line":51,"column":25},"end":{"line":72,"column":3}},"line":51},"2":{"name":"(anonymous_2)","decl":{"start":{"line":74,"column":2},"end":{"line":74,"column":3}},"loc":{"start":{"line":74,"column":25},"end":{"line":78,"column":3}},"line":74},"3":{"name":"(anonymous_3)","decl":{"start":{"line":80,"column":2},"end":{"line":80,"column":3}},"loc":{"start":{"line":80,"column":20},"end":{"line":84,"column":3}},"line":80},"4":{"name":"(anonymous_4)","decl":{"start":{"line":86,"column":2},"end":{"line":86,"column":3}},"loc":{"start":{"line":86,"column":21},"end":{"line":90,"column":3}},"line":86},"5":{"name":"(anonymous_5)","decl":{"start":{"line":92,"column":2},"end":{"line":92,"column":3}},"loc":{"start":{"line":92,"column":23},"end":{"line":96,"column":3}},"line":92},"6":{"name":"(anonymous_6)","decl":{"start":{"line":98,"column":2},"end":{"line":98,"column":3}},"loc":{"start":{"line":98,"column":23},"end":{"line":102,"column":3}},"line":98},"7":{"name":"(anonymous_7)","decl":{"start":{"line":104,"column":2},"end":{"line":104,"column":3}},"loc":{"start":{"line":104,"column":22},"end":{"line":108,"column":3}},"line":104},"8":{"name":"(anonymous_8)","decl":{"start":{"line":110,"column":2},"end":{"line":110,"column":3}},"loc":{"start":{"line":110,"column":19},"end":{"line":114,"column":3}},"line":110},"9":{"name":"(anonymous_9)","decl":{"start":{"line":116,"column":2},"end":{"line":116,"column":3}},"loc":{"start":{"line":116,"column":23},"end":{"line":120,"column":3}},"line":116},"10":{"name":"(anonymous_10)","decl":{"start":{"line":122,"column":2},"end":{"line":122,"column":3}},"loc":{"start":{"line":122,"column":20},"end":{"line":126,"column":3}},"line":122},"11":{"name":"(anonymous_11)","decl":{"start":{"line":128,"column":2},"end":{"line":128,"column":3}},"loc":{"start":{"line":128,"column":21},"end":{"line":132,"column":3}},"line":128},"12":{"name":"(anonymous_12)","decl":{"start":{"line":134,"column":2},"end":{"line":134,"column":3}},"loc":{"start":{"line":134,"column":20},"end":{"line":138,"column":3}},"line":134},"13":{"name":"(anonymous_13)","decl":{"start":{"line":140,"column":2},"end":{"line":140,"column":3}},"loc":{"start":{"line":140,"column":21},"end":{"line":144,"column":3}},"line":140},"14":{"name":"(anonymous_14)","decl":{"start":{"line":146,"column":2},"end":{"line":146,"column":3}},"loc":{"start":{"line":146,"column":22},"end":{"line":181,"column":3}},"line":146},"15":{"name":"(anonymous_15)","decl":{"start":{"line":160,"column":41},"end":{"line":160,"column":42}},"loc":{"start":{"line":160,"column":50},"end":{"line":164,"column":5}},"line":160},"16":{"name":"(anonymous_16)","decl":{"start":{"line":178,"column":46},"end":{"line":178,"column":47}},"loc":{"start":{"line":178,"column":52},"end":{"line":180,"column":5}},"line":178},"17":{"name":"(anonymous_17)","decl":{"start":{"line":183,"column":2},"end":{"line":183,"column":3}},"loc":{"start":{"line":183,"column":11},"end":{"line":352,"column":3}},"line":183}},"branchMap":{"0":{"loc":{"start":{"line":53,"column":4},"end":{"line":55,"column":5}},"type":"if","locations":[{"start":{"line":53,"column":4},"end":{"line":55,"column":5}},{"start":{"line":53,"column":4},"end":{"line":55,"column":5}}],"line":53},"1":{"loc":{"start":{"line":56,"column":4},"end":{"line":58,"column":5}},"type":"if","locations":[{"start":{"line":56,"column":4},"end":{"line":58,"column":5}},{"start":{"line":56,"column":4},"end":{"line":58,"column":5}}],"line":56},"2":{"loc":{"start":{"line":59,"column":4},"end":{"line":61,"column":5}},"type":"if","locations":[{"start":{"line":59,"column":4},"end":{"line":61,"column":5}},{"start":{"line":59,"column":4},"end":{"line":61,"column":5}}],"line":59},"3":{"loc":{"start":{"line":62,"column":4},"end":{"line":64,"column":5}},"type":"if","locations":[{"start":{"line":62,"column":4},"end":{"line":64,"column":5}},{"start":{"line":62,"column":4},"end":{"line":64,"column":5}}],"line":62},"4":{"loc":{"start":{"line":65,"column":4},"end":{"line":67,"column":5}},"type":"if","locations":[{"start":{"line":65,"column":4},"end":{"line":67,"column":5}},{"start":{"line":65,"column":4},"end":{"line":67,"column":5}}],"line":65},"5":{"loc":{"start":{"line":154,"column":4},"end":{"line":158,"column":5}},"type":"if","locations":[{"start":{"line":154,"column":4},"end":{"line":158,"column":5}},{"start":{"line":154,"column":4},"end":{"line":158,"column":5}}],"line":154},"6":{"loc":{"start":{"line":208,"column":35},"end":{"line":208,"column":62}},"type":"cond-expr","locations":[{"start":{"line":208,"column":48},"end":{"line":208,"column":55}},{"start":{"line":208,"column":58},"end":{"line":208,"column":62}}],"line":208},"7":{"loc":{"start":{"line":214,"column":35},"end":{"line":214,"column":62}},"type":"cond-expr","locations":[{"start":{"line":214,"column":48},"end":{"line":214,"column":55}},{"start":{"line":214,"column":58},"end":{"line":214,"column":62}}],"line":214},"8":{"loc":{"start":{"line":220,"column":35},"end":{"line":220,"column":62}},"type":"cond-expr","locations":[{"start":{"line":220,"column":48},"end":{"line":220,"column":55}},{"start":{"line":220,"column":58},"end":{"line":220,"column":62}}],"line":220},"9":{"loc":{"start":{"line":226,"column":35},"end":{"line":226,"column":62}},"type":"cond-expr","locations":[{"start":{"line":226,"column":48},"end":{"line":226,"column":55}},{"start":{"line":226,"column":58},"end":{"line":226,"column":62}}],"line":226},"10":{"loc":{"start":{"line":232,"column":35},"end":{"line":232,"column":62}},"type":"cond-expr","locations":[{"start":{"line":232,"column":48},"end":{"line":232,"column":55}},{"start":{"line":232,"column":58},"end":{"line":232,"column":62}}],"line":232},"11":{"loc":{"start":{"line":297,"column":15},"end":{"line":299,"column":73}},"type":"cond-expr","locations":[{"start":{"line":298,"column":18},"end":{"line":298,"column":35}},{"start":{"line":299,"column":18},"end":{"line":299,"column":73}}],"line":297}},"s":{"0":0,"1":0,"2":0,"3":0,"4":0,"5":0,"6":0,"7":0,"8":0,"9":0,"10":0,"11":0,"12":0,"13":0,"14":0,"15":0,"16":0,"17":0,"18":0,"19":0,"20":0,"21":0,"22":0,"23":0,"24":0,"25":0,"26":0,"27":0,"28":0,"29":0,"30":0,"31":0,"32":0,"33":0,"34":0,"35":0,"36":0,"37":0,"38":0,"39":0,"40":0,"41":0,"42":0,"43":0,"44":0,"45":0,"46":0,"47":0,"48":0,"49":0,"50":0,"51":0,"52":0,"53":0,"54":0,"55":0,"56":0,"57":0,"58":0,"59":0},"f":{"0":0,"1":0,"2":0,"3":0,"4":0,"5":0,"6":0,"7":0,"8":0,"9":0,"10":0,"11":0,"12":0,"13":0,"14":0,"15":0,"16":0,"17":0},"b":{"0":[0,0],"1":[0,0],"2":[0,0],"3":[0,0],"4":[0,0],"5":[0,0],"6":[0,0],"7":[0,0],"8":[0,0],"9":[0,0],"10":[0,0],"11":[0,0]},"_coverageSchema":"1a1c01bbd47fc00a2c39e90264f33305004495a9","hash":"a706d13d4fcb52cb958eb3d2cf08be1f59b714f2"}
,"/home/mcvey/hackreactor/work/FEC/src/Components/Reviews/Factors.jsx": {"path":"/home/mcvey/hackreactor/work/FEC/src/Components/Reviews/Factors.jsx","statementMap":{"0":{"start":{"line":10,"column":16},"end":{"line":23,"column":1}},"1":{"start":{"line":11,"column":57},"end":{"line":11,"column":72}},"2":{"start":{"line":13,"column":2},"end":{"line":22,"column":4}}},"fnMap":{"0":{"name":"(anonymous_0)","decl":{"start":{"line":10,"column":16},"end":{"line":10,"column":17}},"loc":{"start":{"line":10,"column":41},"end":{"line":23,"column":1}},"line":10}},"branchMap":{},"s":{"0":1,"1":0,"2":0},"f":{"0":0},"b":{},"_coverageSchema":"1a1c01bbd47fc00a2c39e90264f33305004495a9","hash":"f0d7edab7c38e529e40d581ba0798e6d7a7071c0"}
,"/home/mcvey/hackreactor/work/FEC/src/Components/Reviews/MoreReviewsButton.jsx": {"path":"/home/mcvey/hackreactor/work/FEC/src/Components/Reviews/MoreReviewsButton.jsx","statementMap":{"0":{"start":{"line":3,"column":23},"end":{"line":15,"column":1}},"1":{"start":{"line":4,"column":2},"end":{"line":9,"column":3}},"2":{"start":{"line":8,"column":4},"end":{"line":8,"column":16}},"3":{"start":{"line":10,"column":2},"end":{"line":14,"column":4}}},"fnMap":{"0":{"name":"(anonymous_0)","decl":{"start":{"line":3,"column":23},"end":{"line":3,"column":24}},"loc":{"start":{"line":3,"column":78},"end":{"line":15,"column":1}},"line":3}},"branchMap":{"0":{"loc":{"start":{"line":4,"column":2},"end":{"line":9,"column":3}},"type":"if","locations":[{"start":{"line":4,"column":2},"end":{"line":9,"column":3}},{"start":{"line":4,"column":2},"end":{"line":9,"column":3}}],"line":4},"1":{"loc":{"start":{"line":5,"column":4},"end":{"line":6,"column":57}},"type":"binary-expr","locations":[{"start":{"line":5,"column":4},"end":{"line":5,"column":28}},{"start":{"line":6,"column":4},"end":{"line":6,"column":57}}],"line":5}},"s":{"0":1,"1":0,"2":0,"3":0},"f":{"0":0},"b":{"0":[0,0],"1":[0,0]},"_coverageSchema":"1a1c01bbd47fc00a2c39e90264f33305004495a9","hash":"cde52d4a9d9e9e85dff310190415e401e7f179d3"}
,"/home/mcvey/hackreactor/work/FEC/src/Components/Reviews/RatingBreakdown.jsx": {"path":"/home/mcvey/hackreactor/work/FEC/src/Components/Reviews/RatingBreakdown.jsx","statementMap":{"0":{"start":{"line":12,"column":4},"end":{"line":12,"column":17}},"1":{"start":{"line":13,"column":4},"end":{"line":15,"column":6}},"2":{"start":{"line":16,"column":4},"end":{"line":16,"column":59}},"3":{"start":{"line":20,"column":23},"end":{"line":20,"column":34}},"4":{"start":{"line":21,"column":34},"end":{"line":21,"column":44}},"5":{"start":{"line":22,"column":28},"end":{"line":22,"column":38}},"6":{"start":{"line":23,"column":4},"end":{"line":47,"column":5}},"7":{"start":{"line":24,"column":6},"end":{"line":35,"column":8}},"8":{"start":{"line":26,"column":33},"end":{"line":26,"column":53}},"9":{"start":{"line":27,"column":10},"end":{"line":27,"column":44}},"10":{"start":{"line":28,"column":10},"end":{"line":30,"column":12}},"11":{"start":{"line":33,"column":10},"end":{"line":33,"column":52}},"12":{"start":{"line":37,"column":6},"end":{"line":46,"column":8}},"13":{"start":{"line":39,"column":10},"end":{"line":41,"column":12}},"14":{"start":{"line":44,"column":10},"end":{"line":44,"column":52}},"15":{"start":{"line":51,"column":28},"end":{"line":51,"column":38}},"16":{"start":{"line":52,"column":25},"end":{"line":52,"column":35}},"17":{"start":{"line":53,"column":37},"end":{"line":53,"column":45}},"18":{"start":{"line":54,"column":16},"end":{"line":54,"column":41}},"19":{"start":{"line":55,"column":16},"end":{"line":55,"column":41}},"20":{"start":{"line":56,"column":18},"end":{"line":56,"column":43}},"21":{"start":{"line":57,"column":17},"end":{"line":57,"column":42}},"22":{"start":{"line":58,"column":17},"end":{"line":58,"column":42}},"23":{"start":{"line":59,"column":25},"end":{"line":59,"column":56}},"24":{"start":{"line":61,"column":6},"end":{"line":61,"column":70}},"25":{"start":{"line":63,"column":4},"end":{"line":100,"column":6}}},"fnMap":{"0":{"name":"(anonymous_0)","decl":{"start":{"line":11,"column":2},"end":{"line":11,"column":3}},"loc":{"start":{"line":11,"column":21},"end":{"line":17,"column":3}},"line":11},"1":{"name":"(anonymous_1)","decl":{"start":{"line":19,"column":2},"end":{"line":19,"column":3}},"loc":{"start":{"line":19,"column":23},"end":{"line":48,"column":3}},"line":19},"2":{"name":"(anonymous_2)","decl":{"start":{"line":25,"column":8},"end":{"line":25,"column":9}},"loc":{"start":{"line":25,"column":29},"end":{"line":31,"column":9}},"line":25},"3":{"name":"(anonymous_3)","decl":{"start":{"line":32,"column":8},"end":{"line":32,"column":9}},"loc":{"start":{"line":32,"column":14},"end":{"line":34,"column":9}},"line":32},"4":{"name":"(anonymous_4)","decl":{"start":{"line":38,"column":8},"end":{"line":38,"column":9}},"loc":{"start":{"line":38,"column":29},"end":{"line":42,"column":9}},"line":38},"5":{"name":"(anonymous_5)","decl":{"start":{"line":43,"column":8},"end":{"line":43,"column":9}},"loc":{"start":{"line":43,"column":14},"end":{"line":45,"column":9}},"line":43},"6":{"name":"(anonymous_6)","decl":{"start":{"line":50,"column":2},"end":{"line":50,"column":3}},"loc":{"start":{"line":50,"column":11},"end":{"line":101,"column":3}},"line":50}},"branchMap":{"0":{"loc":{"start":{"line":23,"column":4},"end":{"line":47,"column":5}},"type":"if","locations":[{"start":{"line":23,"column":4},"end":{"line":47,"column":5}},{"start":{"line":23,"column":4},"end":{"line":47,"column":5}}],"line":23},"1":{"loc":{"start":{"line":54,"column":16},"end":{"line":54,"column":41}},"type":"binary-expr","locations":[{"start":{"line":54,"column":16},"end":{"line":54,"column":36}},{"start":{"line":54,"column":40},"end":{"line":54,"column":41}}],"line":54},"2":{"loc":{"start":{"line":55,"column":16},"end":{"line":55,"column":41}},"type":"binary-expr","locations":[{"start":{"line":55,"column":16},"end":{"line":55,"column":36}},{"start":{"line":55,"column":40},"end":{"line":55,"column":41}}],"line":55},"3":{"loc":{"start":{"line":56,"column":18},"end":{"line":56,"column":43}},"type":"binary-expr","locations":[{"start":{"line":56,"column":18},"end":{"line":56,"column":38}},{"start":{"line":56,"column":42},"end":{"line":56,"column":43}}],"line":56},"4":{"loc":{"start":{"line":57,"column":17},"end":{"line":57,"column":42}},"type":"binary-expr","locations":[{"start":{"line":57,"column":17},"end":{"line":57,"column":37}},{"start":{"line":57,"column":41},"end":{"line":57,"column":42}}],"line":57},"5":{"loc":{"start":{"line":58,"column":17},"end":{"line":58,"column":42}},"type":"binary-expr","locations":[{"start":{"line":58,"column":17},"end":{"line":58,"column":37}},{"start":{"line":58,"column":41},"end":{"line":58,"column":42}}],"line":58}},"s":{"0":0,"1":0,"2":0,"3":0,"4":0,"5":0,"6":0,"7":0,"8":0,"9":0,"10":0,"11":0,"12":0,"13":0,"14":0,"15":0,"16":0,"17":0,"18":0,"19":0,"20":0,"21":0,"22":0,"23":0,"24":0,"25":0},"f":{"0":0,"1":0,"2":0,"3":0,"4":0,"5":0,"6":0},"b":{"0":[0,0],"1":[0,0],"2":[0,0],"3":[0,0],"4":[0,0],"5":[0,0]},"_coverageSchema":"1a1c01bbd47fc00a2c39e90264f33305004495a9","hash":"533192cd3b9033acb33da10fcdb662c3995c46bd"}
,"/home/mcvey/hackreactor/work/FEC/src/Components/Reviews/ReviewList.jsx": {"path":"/home/mcvey/hackreactor/work/FEC/src/Components/Reviews/ReviewList.jsx","statementMap":{"0":{"start":{"line":5,"column":19},"end":{"line":24,"column":1}},"1":{"start":{"line":6,"column":2},"end":{"line":23,"column":4}},"2":{"start":{"line":10,"column":10},"end":{"line":19,"column":11}},"3":{"start":{"line":11,"column":12},"end":{"line":18,"column":14}}},"fnMap":{"0":{"name":"(anonymous_0)","decl":{"start":{"line":5,"column":19},"end":{"line":5,"column":20}},"loc":{"start":{"line":5,"column":59},"end":{"line":24,"column":1}},"line":5},"1":{"name":"(anonymous_1)","decl":{"start":{"line":9,"column":21},"end":{"line":9,"column":22}},"loc":{"start":{"line":9,"column":33},"end":{"line":20,"column":9}},"line":9}},"branchMap":{"0":{"loc":{"start":{"line":10,"column":10},"end":{"line":19,"column":11}},"type":"if","locations":[{"start":{"line":10,"column":10},"end":{"line":19,"column":11}},{"start":{"line":10,"column":10},"end":{"line":19,"column":11}}],"line":10}},"s":{"0":1,"1":0,"2":0,"3":0},"f":{"0":0,"1":0},"b":{"0":[0,0]},"_coverageSchema":"1a1c01bbd47fc00a2c39e90264f33305004495a9","hash":"f714508be60d7f406d9fc3a6bf9777d33535fb68"}
,"/home/mcvey/hackreactor/work/FEC/src/Components/Reviews/ReviewTile.jsx": {"path":"/home/mcvey/hackreactor/work/FEC/src/Components/Reviews/ReviewTile.jsx","statementMap":{"0":{"start":{"line":12,"column":19},"end":{"line":31,"column":1}},"1":{"start":{"line":13,"column":24},"end":{"line":13,"column":30}},"2":{"start":{"line":14,"column":2},"end":{"line":30,"column":4}}},"fnMap":{"0":{"name":"(anonymous_0)","decl":{"start":{"line":12,"column":19},"end":{"line":12,"column":20}},"loc":{"start":{"line":12,"column":58},"end":{"line":31,"column":1}},"line":12}},"branchMap":{},"s":{"0":1,"1":0,"2":0},"f":{"0":0},"b":{},"_coverageSchema":"1a1c01bbd47fc00a2c39e90264f33305004495a9","hash":"ad7eef37ac823fb089aace6a1b4860dc6eaf5324"}
,"/home/mcvey/hackreactor/work/FEC/src/Components/Reviews/ReviewsContainer.jsx": {"path":"/home/mcvey/hackreactor/work/FEC/src/Components/Reviews/ReviewsContainer.jsx","statementMap":{"0":{"start":{"line":16,"column":4},"end":{"line":16,"column":17}},"1":{"start":{"line":17,"column":19},"end":{"line":17,"column":29}},"2":{"start":{"line":18,"column":4},"end":{"line":25,"column":6}},"3":{"start":{"line":26,"column":4},"end":{"line":26,"column":69}},"4":{"start":{"line":27,"column":4},"end":{"line":27,"column":49}},"5":{"start":{"line":28,"column":4},"end":{"line":28,"column":63}},"6":{"start":{"line":29,"column":4},"end":{"line":29,"column":53}},"7":{"start":{"line":30,"column":4},"end":{"line":30,"column":55}},"8":{"start":{"line":31,"column":4},"end":{"line":31,"column":53}},"9":{"start":{"line":35,"column":19},"end":{"line":35,"column":29}},"10":{"start":{"line":36,"column":4},"end":{"line":62,"column":9}},"11":{"start":{"line":39,"column":8},"end":{"line":42,"column":11}},"12":{"start":{"line":45,"column":8},"end":{"line":49,"column":11}},"13":{"start":{"line":46,"column":10},"end":{"line":48,"column":12}},"14":{"start":{"line":55,"column":12},"end":{"line":57,"column":15}},"15":{"start":{"line":61,"column":8},"end":{"line":61,"column":27}},"16":{"start":{"line":66,"column":19},"end":{"line":66,"column":29}},"17":{"start":{"line":67,"column":4},"end":{"line":95,"column":5}},"18":{"start":{"line":68,"column":6},"end":{"line":94,"column":11}},"19":{"start":{"line":71,"column":10},"end":{"line":74,"column":13}},"20":{"start":{"line":77,"column":10},"end":{"line":81,"column":13}},"21":{"start":{"line":78,"column":12},"end":{"line":80,"column":14}},"22":{"start":{"line":87,"column":14},"end":{"line":89,"column":17}},"23":{"start":{"line":93,"column":10},"end":{"line":93,"column":29}},"24":{"start":{"line":99,"column":4},"end":{"line":106,"column":6}},"25":{"start":{"line":104,"column":8},"end":{"line":104,"column":28}},"26":{"start":{"line":110,"column":47},"end":{"line":110,"column":57}},"27":{"start":{"line":111,"column":4},"end":{"line":127,"column":5}},"28":{"start":{"line":112,"column":6},"end":{"line":114,"column":9}},"29":{"start":{"line":116,"column":26},"end":{"line":116,"column":28}},"30":{"start":{"line":117,"column":6},"end":{"line":123,"column":9}},"31":{"start":{"line":118,"column":8},"end":{"line":122,"column":9}},"32":{"start":{"line":118,"column":21},"end":{"line":118,"column":22}},"33":{"start":{"line":119,"column":10},"end":{"line":121,"column":11}},"34":{"start":{"line":120,"column":12},"end":{"line":120,"column":52}},"35":{"start":{"line":124,"column":6},"end":{"line":126,"column":9}},"36":{"start":{"line":131,"column":4},"end":{"line":131,"column":27}},"37":{"start":{"line":132,"column":19},"end":{"line":132,"column":29}},"38":{"start":{"line":133,"column":4},"end":{"line":148,"column":9}},"39":{"start":{"line":138,"column":8},"end":{"line":141,"column":11}},"40":{"start":{"line":144,"column":8},"end":{"line":144,"column":28}},"41":{"start":{"line":147,"column":8},"end":{"line":147,"column":27}},"42":{"start":{"line":152,"column":4},"end":{"line":154,"column":7}},"43":{"start":{"line":153,"column":6},"end":{"line":153,"column":17}},"44":{"start":{"line":158,"column":4},"end":{"line":160,"column":7}},"45":{"start":{"line":159,"column":6},"end":{"line":159,"column":17}},"46":{"start":{"line":164,"column":4},"end":{"line":164,"column":27}},"47":{"start":{"line":165,"column":44},"end":{"line":165,"column":54}},"48":{"start":{"line":166,"column":4},"end":{"line":188,"column":5}},"49":{"start":{"line":167,"column":6},"end":{"line":167,"column":59}},"50":{"start":{"line":168,"column":6},"end":{"line":175,"column":8}},"51":{"start":{"line":173,"column":10},"end":{"line":173,"column":30}},"52":{"start":{"line":177,"column":27},"end":{"line":177,"column":52}},"53":{"start":{"line":178,"column":25},"end":{"line":178,"column":70}},"54":{"start":{"line":179,"column":6},"end":{"line":179,"column":45}},"55":{"start":{"line":180,"column":6},"end":{"line":187,"column":8}},"56":{"start":{"line":185,"column":10},"end":{"line":185,"column":30}},"57":{"start":{"line":192,"column":64},"end":{"line":192,"column":74}},"58":{"start":{"line":193,"column":32},"end":{"line":193,"column":40}},"59":{"start":{"line":194,"column":42},"end":{"line":194,"column":52}},"60":{"start":{"line":195,"column":4},"end":{"line":218,"column":6}},"61":{"start":{"line":198,"column":28},"end":{"line":198,"column":58}}},"fnMap":{"0":{"name":"(anonymous_0)","decl":{"start":{"line":15,"column":2},"end":{"line":15,"column":3}},"loc":{"start":{"line":15,"column":21},"end":{"line":32,"column":3}},"line":15},"1":{"name":"(anonymous_1)","decl":{"start":{"line":34,"column":2},"end":{"line":34,"column":3}},"loc":{"start":{"line":34,"column":22},"end":{"line":63,"column":3}},"line":34},"2":{"name":"(anonymous_2)","decl":{"start":{"line":38,"column":12},"end":{"line":38,"column":13}},"loc":{"start":{"line":38,"column":26},"end":{"line":43,"column":7}},"line":38},"3":{"name":"(anonymous_3)","decl":{"start":{"line":44,"column":12},"end":{"line":44,"column":13}},"loc":{"start":{"line":44,"column":18},"end":{"line":50,"column":7}},"line":44},"4":{"name":"(anonymous_4)","decl":{"start":{"line":45,"column":22},"end":{"line":45,"column":23}},"loc":{"start":{"line":45,"column":50},"end":{"line":49,"column":9}},"line":45},"5":{"name":"(anonymous_5)","decl":{"start":{"line":54,"column":16},"end":{"line":54,"column":17}},"loc":{"start":{"line":54,"column":30},"end":{"line":58,"column":11}},"line":54},"6":{"name":"(anonymous_6)","decl":{"start":{"line":60,"column":13},"end":{"line":60,"column":14}},"loc":{"start":{"line":60,"column":24},"end":{"line":62,"column":7}},"line":60},"7":{"name":"(anonymous_7)","decl":{"start":{"line":65,"column":2},"end":{"line":65,"column":3}},"loc":{"start":{"line":65,"column":43},"end":{"line":96,"column":3}},"line":65},"8":{"name":"(anonymous_8)","decl":{"start":{"line":70,"column":14},"end":{"line":70,"column":15}},"loc":{"start":{"line":70,"column":28},"end":{"line":75,"column":9}},"line":70},"9":{"name":"(anonymous_9)","decl":{"start":{"line":76,"column":14},"end":{"line":76,"column":15}},"loc":{"start":{"line":76,"column":20},"end":{"line":82,"column":9}},"line":76},"10":{"name":"(anonymous_10)","decl":{"start":{"line":77,"column":24},"end":{"line":77,"column":25}},"loc":{"start":{"line":77,"column":52},"end":{"line":81,"column":11}},"line":77},"11":{"name":"(anonymous_11)","decl":{"start":{"line":86,"column":18},"end":{"line":86,"column":19}},"loc":{"start":{"line":86,"column":32},"end":{"line":90,"column":13}},"line":86},"12":{"name":"(anonymous_12)","decl":{"start":{"line":92,"column":15},"end":{"line":92,"column":16}},"loc":{"start":{"line":92,"column":26},"end":{"line":94,"column":9}},"line":92},"13":{"name":"(anonymous_13)","decl":{"start":{"line":98,"column":2},"end":{"line":98,"column":3}},"loc":{"start":{"line":98,"column":29},"end":{"line":107,"column":3}},"line":98},"14":{"name":"(anonymous_14)","decl":{"start":{"line":103,"column":6},"end":{"line":103,"column":7}},"loc":{"start":{"line":103,"column":12},"end":{"line":105,"column":7}},"line":103},"15":{"name":"(anonymous_15)","decl":{"start":{"line":109,"column":2},"end":{"line":109,"column":3}},"loc":{"start":{"line":109,"column":17},"end":{"line":128,"column":3}},"line":109},"16":{"name":"(anonymous_16)","decl":{"start":{"line":117,"column":25},"end":{"line":117,"column":26}},"loc":{"start":{"line":117,"column":37},"end":{"line":123,"column":7}},"line":117},"17":{"name":"(anonymous_17)","decl":{"start":{"line":130,"column":2},"end":{"line":130,"column":3}},"loc":{"start":{"line":130,"column":20},"end":{"line":149,"column":3}},"line":130},"18":{"name":"(anonymous_18)","decl":{"start":{"line":137,"column":12},"end":{"line":137,"column":13}},"loc":{"start":{"line":137,"column":26},"end":{"line":142,"column":7}},"line":137},"19":{"name":"(anonymous_19)","decl":{"start":{"line":143,"column":12},"end":{"line":143,"column":13}},"loc":{"start":{"line":143,"column":18},"end":{"line":145,"column":7}},"line":143},"20":{"name":"(anonymous_20)","decl":{"start":{"line":146,"column":13},"end":{"line":146,"column":14}},"loc":{"start":{"line":146,"column":24},"end":{"line":148,"column":7}},"line":146},"21":{"name":"(anonymous_21)","decl":{"start":{"line":151,"column":2},"end":{"line":151,"column":3}},"loc":{"start":{"line":151,"column":36},"end":{"line":155,"column":3}},"line":151},"22":{"name":"(anonymous_22)","decl":{"start":{"line":152,"column":51},"end":{"line":152,"column":52}},"loc":{"start":{"line":152,"column":57},"end":{"line":154,"column":5}},"line":152},"23":{"name":"(anonymous_23)","decl":{"start":{"line":157,"column":2},"end":{"line":157,"column":3}},"loc":{"start":{"line":157,"column":35},"end":{"line":161,"column":3}},"line":157},"24":{"name":"(anonymous_24)","decl":{"start":{"line":158,"column":50},"end":{"line":158,"column":51}},"loc":{"start":{"line":158,"column":56},"end":{"line":160,"column":5}},"line":158},"25":{"name":"(anonymous_25)","decl":{"start":{"line":163,"column":2},"end":{"line":163,"column":3}},"loc":{"start":{"line":163,"column":30},"end":{"line":189,"column":3}},"line":163},"26":{"name":"(anonymous_26)","decl":{"start":{"line":172,"column":8},"end":{"line":172,"column":9}},"loc":{"start":{"line":172,"column":14},"end":{"line":174,"column":9}},"line":172},"27":{"name":"(anonymous_27)","decl":{"start":{"line":184,"column":8},"end":{"line":184,"column":9}},"loc":{"start":{"line":184,"column":14},"end":{"line":186,"column":9}},"line":184},"28":{"name":"(anonymous_28)","decl":{"start":{"line":191,"column":2},"end":{"line":191,"column":3}},"loc":{"start":{"line":191,"column":11},"end":{"line":219,"column":3}},"line":191},"29":{"name":"(anonymous_29)","decl":{"start":{"line":198,"column":17},"end":{"line":198,"column":18}},"loc":{"start":{"line":198,"column":28},"end":{"line":198,"column":58}},"line":198}},"branchMap":{"0":{"loc":{"start":{"line":67,"column":4},"end":{"line":95,"column":5}},"type":"if","locations":[{"start":{"line":67,"column":4},"end":{"line":95,"column":5}},{"start":{"line":67,"column":4},"end":{"line":95,"column":5}}],"line":67},"1":{"loc":{"start":{"line":111,"column":4},"end":{"line":127,"column":5}},"type":"if","locations":[{"start":{"line":111,"column":4},"end":{"line":127,"column":5}},{"start":{"line":111,"column":4},"end":{"line":127,"column":5}}],"line":111},"2":{"loc":{"start":{"line":119,"column":10},"end":{"line":121,"column":11}},"type":"if","locations":[{"start":{"line":119,"column":10},"end":{"line":121,"column":11}},{"start":{"line":119,"column":10},"end":{"line":121,"column":11}}],"line":119},"3":{"loc":{"start":{"line":166,"column":4},"end":{"line":188,"column":5}},"type":"if","locations":[{"start":{"line":166,"column":4},"end":{"line":188,"column":5}},{"start":{"line":166,"column":4},"end":{"line":188,"column":5}}],"line":166}},"s":{"0":0,"1":0,"2":0,"3":0,"4":0,"5":0,"6":0,"7":0,"8":0,"9":0,"10":0,"11":0,"12":0,"13":0,"14":0,"15":0,"16":0,"17":0,"18":0,"19":0,"20":0,"21":0,"22":0,"23":0,"24":0,"25":0,"26":0,"27":0,"28":0,"29":0,"30":0,"31":0,"32":0,"33":0,"34":0,"35":0,"36":0,"37":0,"38":0,"39":0,"40":0,"41":0,"42":0,"43":0,"44":0,"45":0,"46":0,"47":0,"48":0,"49":0,"50":0,"51":0,"52":0,"53":0,"54":0,"55":0,"56":0,"57":0,"58":0,"59":0,"60":0,"61":0},"f":{"0":0,"1":0,"2":0,"3":0,"4":0,"5":0,"6":0,"7":0,"8":0,"9":0,"10":0,"11":0,"12":0,"13":0,"14":0,"15":0,"16":0,"17":0,"18":0,"19":0,"20":0,"21":0,"22":0,"23":0,"24":0,"25":0,"26":0,"27":0,"28":0,"29":0},"b":{"0":[0,0],"1":[0,0],"2":[0,0],"3":[0,0]},"_coverageSchema":"1a1c01bbd47fc00a2c39e90264f33305004495a9","hash":"768e21cb44a404c29041997246960de402073720"}
,"/home/mcvey/hackreactor/work/FEC/src/Components/Reviews/SortingSelectorComponent.jsx": {"path":"/home/mcvey/hackreactor/work/FEC/src/Components/Reviews/SortingSelectorComponent.jsx","statementMap":{"0":{"start":{"line":3,"column":24},"end":{"line":21,"column":1}},"1":{"start":{"line":4,"column":23},"end":{"line":4,"column":37}},"2":{"start":{"line":5,"column":2},"end":{"line":20,"column":4}}},"fnMap":{"0":{"name":"(anonymous_0)","decl":{"start":{"line":3,"column":24},"end":{"line":3,"column":25}},"loc":{"start":{"line":3,"column":53},"end":{"line":21,"column":1}},"line":3}},"branchMap":{},"s":{"0":1,"1":0,"2":0},"f":{"0":0},"b":{},"_coverageSchema":"1a1c01bbd47fc00a2c39e90264f33305004495a9","hash":"f74fdfbeba62f60e9c8f60b6e4110f117d2a5d84"}
,"/home/mcvey/hackreactor/work/FEC/src/Components/Reviews/metadummydata.js": {"path":"/home/mcvey/hackreactor/work/FEC/src/Components/Reviews/metadummydata.js","statementMap":{"0":{"start":{"line":1,"column":13},"end":{"line":15,"column":1}}},"fnMap":{},"branchMap":{},"s":{"0":1},"f":{},"b":{},"_coverageSchema":"1a1c01bbd47fc00a2c39e90264f33305004495a9","hash":"850a5deb787334cc7ac2c4a7942db17829e19e72"}
,"/home/mcvey/hackreactor/work/FEC/src/Components/Reviews/BreakdownComponents/Rating.jsx": {"path":"/home/mcvey/hackreactor/work/FEC/src/Components/Reviews/BreakdownComponents/Rating.jsx","statementMap":{"0":{"start":{"line":5,"column":15},"end":{"line":39,"column":1}},"1":{"start":{"line":6,"column":25},"end":{"line":6,"column":54}},"2":{"start":{"line":7,"column":22},"end":{"line":7,"column":36}},"3":{"start":{"line":8,"column":20},"end":{"line":8,"column":22}},"4":{"start":{"line":9,"column":19},"end":{"line":9,"column":24}},"5":{"start":{"line":11,"column":2},"end":{"line":27,"column":3}},"6":{"start":{"line":11,"column":15},"end":{"line":11,"column":16}},"7":{"start":{"line":12,"column":4},"end":{"line":26,"column":5}},"8":{"start":{"line":13,"column":6},"end":{"line":13,"column":57}},"9":{"start":{"line":14,"column":11},"end":{"line":26,"column":5}},"10":{"start":{"line":15,"column":6},"end":{"line":15,"column":59}},"11":{"start":{"line":16,"column":6},"end":{"line":16,"column":25}},"12":{"start":{"line":17,"column":11},"end":{"line":26,"column":5}},"13":{"start":{"line":18,"column":6},"end":{"line":18,"column":58}},"14":{"start":{"line":19,"column":6},"end":{"line":19,"column":24}},"15":{"start":{"line":20,"column":11},"end":{"line":26,"column":5}},"16":{"start":{"line":21,"column":6},"end":{"line":21,"column":58}},"17":{"start":{"line":22,"column":6},"end":{"line":22,"column":24}},"18":{"start":{"line":23,"column":11},"end":{"line":26,"column":5}},"19":{"start":{"line":24,"column":6},"end":{"line":24,"column":58}},"20":{"start":{"line":25,"column":6},"end":{"line":25,"column":24}},"21":{"start":{"line":28,"column":2},"end":{"line":38,"column":4}},"22":{"start":{"line":33,"column":10},"end":{"line":33,"column":75}}},"fnMap":{"0":{"name":"(anonymous_0)","decl":{"start":{"line":5,"column":15},"end":{"line":5,"column":16}},"loc":{"start":{"line":5,"column":46},"end":{"line":39,"column":1}},"line":5},"1":{"name":"(anonymous_1)","decl":{"start":{"line":32,"column":23},"end":{"line":32,"column":24}},"loc":{"start":{"line":32,"column":34},"end":{"line":34,"column":9}},"line":32}},"branchMap":{"0":{"loc":{"start":{"line":12,"column":4},"end":{"line":26,"column":5}},"type":"if","locations":[{"start":{"line":12,"column":4},"end":{"line":26,"column":5}},{"start":{"line":12,"column":4},"end":{"line":26,"column":5}}],"line":12},"1":{"loc":{"start":{"line":12,"column":8},"end":{"line":12,"column":41}},"type":"binary-expr","locations":[{"start":{"line":12,"column":8},"end":{"line":12,"column":18}},{"start":{"line":12,"column":22},"end":{"line":12,"column":41}}],"line":12},"2":{"loc":{"start":{"line":14,"column":11},"end":{"line":26,"column":5}},"type":"if","locations":[{"start":{"line":14,"column":11},"end":{"line":26,"column":5}},{"start":{"line":14,"column":11},"end":{"line":26,"column":5}}],"line":14},"3":{"loc":{"start":{"line":17,"column":11},"end":{"line":26,"column":5}},"type":"if","locations":[{"start":{"line":17,"column":11},"end":{"line":26,"column":5}},{"start":{"line":17,"column":11},"end":{"line":26,"column":5}}],"line":17},"4":{"loc":{"start":{"line":17,"column":15},"end":{"line":17,"column":56}},"type":"binary-expr","locations":[{"start":{"line":17,"column":15},"end":{"line":17,"column":32}},{"start":{"line":17,"column":36},"end":{"line":17,"column":56}}],"line":17},"5":{"loc":{"start":{"line":20,"column":11},"end":{"line":26,"column":5}},"type":"if","locations":[{"start":{"line":20,"column":11},"end":{"line":26,"column":5}},{"start":{"line":20,"column":11},"end":{"line":26,"column":5}}],"line":20},"6":{"loc":{"start":{"line":20,"column":15},"end":{"line":20,"column":60}},"type":"binary-expr","locations":[{"start":{"line":20,"column":15},"end":{"line":20,"column":36}},{"start":{"line":20,"column":40},"end":{"line":20,"column":60}}],"line":20},"7":{"loc":{"start":{"line":23,"column":11},"end":{"line":26,"column":5}},"type":"if","locations":[{"start":{"line":23,"column":11},"end":{"line":26,"column":5}},{"start":{"line":23,"column":11},"end":{"line":26,"column":5}}],"line":23},"8":{"loc":{"start":{"line":23,"column":15},"end":{"line":23,"column":57}},"type":"binary-expr","locations":[{"start":{"line":23,"column":15},"end":{"line":23,"column":36}},{"start":{"line":23,"column":40},"end":{"line":23,"column":57}}],"line":23}},"s":{"0":1,"1":0,"2":0,"3":0,"4":0,"5":0,"6":0,"7":0,"8":0,"9":0,"10":0,"11":0,"12":0,"13":0,"14":0,"15":0,"16":0,"17":0,"18":0,"19":0,"20":0,"21":0,"22":0},"f":{"0":0,"1":0},"b":{"0":[0,0],"1":[0,0],"2":[0,0],"3":[0,0],"4":[0,0],"5":[0,0],"6":[0,0],"7":[0,0],"8":[0,0]},"_coverageSchema":"1a1c01bbd47fc00a2c39e90264f33305004495a9","hash":"093429c357b29db6ac2ea361514eaa96b89ca24e"}
,"/home/mcvey/hackreactor/work/FEC/src/Components/Reviews/BreakdownComponents/RecommendedComponent.jsx": {"path":"/home/mcvey/hackreactor/work/FEC/src/Components/Reviews/BreakdownComponents/RecommendedComponent.jsx","statementMap":{"0":{"start":{"line":3,"column":20},"end":{"line":15,"column":1}},"1":{"start":{"line":4,"column":28},"end":{"line":4,"column":44}},"2":{"start":{"line":5,"column":27},"end":{"line":5,"column":59}},"3":{"start":{"line":6,"column":21},"end":{"line":6,"column":55}},"4":{"start":{"line":8,"column":2},"end":{"line":14,"column":4}}},"fnMap":{"0":{"name":"(anonymous_0)","decl":{"start":{"line":3,"column":20},"end":{"line":3,"column":21}},"loc":{"start":{"line":3,"column":55},"end":{"line":15,"column":1}},"line":3}},"branchMap":{},"s":{"0":1,"1":0,"2":0,"3":0,"4":0},"f":{"0":0},"b":{},"_coverageSchema":"1a1c01bbd47fc00a2c39e90264f33305004495a9","hash":"7ed1868b70cf82541ca73ca82ba40b4c3258857f"}
,"/home/mcvey/hackreactor/work/FEC/src/Components/Reviews/BreakdownComponents/SortingListComponent.jsx": {"path":"/home/mcvey/hackreactor/work/FEC/src/Components/Reviews/BreakdownComponents/SortingListComponent.jsx","statementMap":{"0":{"start":{"line":3,"column":20},"end":{"line":22,"column":1}},"1":{"start":{"line":4,"column":2},"end":{"line":6,"column":3}},"2":{"start":{"line":5,"column":4},"end":{"line":5,"column":16}},"3":{"start":{"line":7,"column":18},"end":{"line":7,"column":69}},"4":{"start":{"line":8,"column":22},"end":{"line":8,"column":24}},"5":{"start":{"line":9,"column":2},"end":{"line":11,"column":5}},"6":{"start":{"line":10,"column":4},"end":{"line":10,"column":50}},"7":{"start":{"line":12,"column":29},"end":{"line":15,"column":3}},"8":{"start":{"line":16,"column":2},"end":{"line":21,"column":4}}},"fnMap":{"0":{"name":"(anonymous_0)","decl":{"start":{"line":3,"column":20},"end":{"line":3,"column":21}},"loc":{"start":{"line":3,"column":41},"end":{"line":22,"column":1}},"line":3},"1":{"name":"(anonymous_1)","decl":{"start":{"line":9,"column":22},"end":{"line":9,"column":23}},"loc":{"start":{"line":9,"column":34},"end":{"line":11,"column":3}},"line":9}},"branchMap":{"0":{"loc":{"start":{"line":4,"column":2},"end":{"line":6,"column":3}},"type":"if","locations":[{"start":{"line":4,"column":2},"end":{"line":6,"column":3}},{"start":{"line":4,"column":2},"end":{"line":6,"column":3}}],"line":4}},"s":{"0":1,"1":0,"2":0,"3":0,"4":0,"5":0,"6":0,"7":0,"8":0},"f":{"0":0,"1":0},"b":{"0":[0,0]},"_coverageSchema":"1a1c01bbd47fc00a2c39e90264f33305004495a9","hash":"28ce31ebd4f7100abc46929746646b52fabb4fff"}
,"/home/mcvey/hackreactor/work/FEC/src/Components/Reviews/BreakdownComponents/StarbarComponent.jsx": {"path":"/home/mcvey/hackreactor/work/FEC/src/Components/Reviews/BreakdownComponents/StarbarComponent.jsx","statementMap":{"0":{"start":{"line":3,"column":16},"end":{"line":20,"column":1}},"1":{"start":{"line":4,"column":21},"end":{"line":4,"column":54}},"2":{"start":{"line":5,"column":19},"end":{"line":5,"column":35}},"3":{"start":{"line":6,"column":2},"end":{"line":19,"column":4}},"4":{"start":{"line":10,"column":8},"end":{"line":10,"column":32}}},"fnMap":{"0":{"name":"(anonymous_0)","decl":{"start":{"line":3,"column":16},"end":{"line":3,"column":17}},"loc":{"start":{"line":3,"column":56},"end":{"line":20,"column":1}},"line":3},"1":{"name":"(anonymous_1)","decl":{"start":{"line":9,"column":15},"end":{"line":9,"column":16}},"loc":{"start":{"line":9,"column":21},"end":{"line":11,"column":7}},"line":9}},"branchMap":{},"s":{"0":1,"1":0,"2":0,"3":0,"4":0},"f":{"0":0,"1":0},"b":{},"_coverageSchema":"1a1c01bbd47fc00a2c39e90264f33305004495a9","hash":"c34e276cd1e3cf67fc13d3c417df821afbb919fc"}
,"/home/mcvey/hackreactor/work/FEC/src/Components/Reviews/CharactersisticsFormComponents/ComfortSelector.jsx": {"path":"/home/mcvey/hackreactor/work/FEC/src/Components/Reviews/CharactersisticsFormComponents/ComfortSelector.jsx","statementMap":{"0":{"start":{"line":3,"column":25},"end":{"line":34,"column":1}},"1":{"start":{"line":4,"column":2},"end":{"line":6,"column":3}},"2":{"start":{"line":5,"column":4},"end":{"line":5,"column":16}},"3":{"start":{"line":7,"column":2},"end":{"line":33,"column":4}}},"fnMap":{"0":{"name":"(anonymous_0)","decl":{"start":{"line":3,"column":25},"end":{"line":3,"column":26}},"loc":{"start":{"line":3,"column":53},"end":{"line":34,"column":1}},"line":3}},"branchMap":{"0":{"loc":{"start":{"line":4,"column":2},"end":{"line":6,"column":3}},"type":"if","locations":[{"start":{"line":4,"column":2},"end":{"line":6,"column":3}},{"start":{"line":4,"column":2},"end":{"line":6,"column":3}}],"line":4}},"s":{"0":1,"1":0,"2":0,"3":0},"f":{"0":0},"b":{"0":[0,0]},"_coverageSchema":"1a1c01bbd47fc00a2c39e90264f33305004495a9","hash":"45fb82ac7804eb7400873bf68a788d22c0118290"}
,"/home/mcvey/hackreactor/work/FEC/src/Components/Reviews/CharactersisticsFormComponents/FitSelector.jsx": {"path":"/home/mcvey/hackreactor/work/FEC/src/Components/Reviews/CharactersisticsFormComponents/FitSelector.jsx","statementMap":{"0":{"start":{"line":3,"column":21},"end":{"line":34,"column":1}},"1":{"start":{"line":4,"column":2},"end":{"line":6,"column":3}},"2":{"start":{"line":5,"column":4},"end":{"line":5,"column":16}},"3":{"start":{"line":7,"column":2},"end":{"line":33,"column":4}}},"fnMap":{"0":{"name":"(anonymous_0)","decl":{"start":{"line":3,"column":21},"end":{"line":3,"column":22}},"loc":{"start":{"line":3,"column":49},"end":{"line":34,"column":1}},"line":3}},"branchMap":{"0":{"loc":{"start":{"line":4,"column":2},"end":{"line":6,"column":3}},"type":"if","locations":[{"start":{"line":4,"column":2},"end":{"line":6,"column":3}},{"start":{"line":4,"column":2},"end":{"line":6,"column":3}}],"line":4}},"s":{"0":1,"1":0,"2":0,"3":0},"f":{"0":0},"b":{"0":[0,0]},"_coverageSchema":"1a1c01bbd47fc00a2c39e90264f33305004495a9","hash":"fa490e3603707c247364caf3005ca71ba820536b"}
,"/home/mcvey/hackreactor/work/FEC/src/Components/Reviews/CharactersisticsFormComponents/LengthSelector.jsx": {"path":"/home/mcvey/hackreactor/work/FEC/src/Components/Reviews/CharactersisticsFormComponents/LengthSelector.jsx","statementMap":{"0":{"start":{"line":3,"column":24},"end":{"line":34,"column":1}},"1":{"start":{"line":4,"column":2},"end":{"line":6,"column":3}},"2":{"start":{"line":5,"column":4},"end":{"line":5,"column":16}},"3":{"start":{"line":7,"column":2},"end":{"line":33,"column":4}}},"fnMap":{"0":{"name":"(anonymous_0)","decl":{"start":{"line":3,"column":24},"end":{"line":3,"column":25}},"loc":{"start":{"line":3,"column":52},"end":{"line":34,"column":1}},"line":3}},"branchMap":{"0":{"loc":{"start":{"line":4,"column":2},"end":{"line":6,"column":3}},"type":"if","locations":[{"start":{"line":4,"column":2},"end":{"line":6,"column":3}},{"start":{"line":4,"column":2},"end":{"line":6,"column":3}}],"line":4}},"s":{"0":1,"1":0,"2":0,"3":0},"f":{"0":0},"b":{"0":[0,0]},"_coverageSchema":"1a1c01bbd47fc00a2c39e90264f33305004495a9","hash":"ea32e477621e98d4c3673bbe9ab75d6c78da55eb"}
,"/home/mcvey/hackreactor/work/FEC/src/Components/Reviews/CharactersisticsFormComponents/QualitySelector.jsx": {"path":"/home/mcvey/hackreactor/work/FEC/src/Components/Reviews/CharactersisticsFormComponents/QualitySelector.jsx","statementMap":{"0":{"start":{"line":3,"column":25},"end":{"line":34,"column":1}},"1":{"start":{"line":4,"column":2},"end":{"line":6,"column":3}},"2":{"start":{"line":5,"column":4},"end":{"line":5,"column":16}},"3":{"start":{"line":7,"column":2},"end":{"line":33,"column":4}}},"fnMap":{"0":{"name":"(anonymous_0)","decl":{"start":{"line":3,"column":25},"end":{"line":3,"column":26}},"loc":{"start":{"line":3,"column":53},"end":{"line":34,"column":1}},"line":3}},"branchMap":{"0":{"loc":{"start":{"line":4,"column":2},"end":{"line":6,"column":3}},"type":"if","locations":[{"start":{"line":4,"column":2},"end":{"line":6,"column":3}},{"start":{"line":4,"column":2},"end":{"line":6,"column":3}}],"line":4}},"s":{"0":1,"1":0,"2":0,"3":0},"f":{"0":0},"b":{"0":[0,0]},"_coverageSchema":"1a1c01bbd47fc00a2c39e90264f33305004495a9","hash":"f3b3fdb163a25e8815026cdef9577e301b9f02bd"}
,"/home/mcvey/hackreactor/work/FEC/src/Components/Reviews/CharactersisticsFormComponents/SizeSelector.jsx": {"path":"/home/mcvey/hackreactor/work/FEC/src/Components/Reviews/CharactersisticsFormComponents/SizeSelector.jsx","statementMap":{"0":{"start":{"line":3,"column":22},"end":{"line":34,"column":1}},"1":{"start":{"line":4,"column":2},"end":{"line":6,"column":3}},"2":{"start":{"line":5,"column":4},"end":{"line":5,"column":16}},"3":{"start":{"line":7,"column":2},"end":{"line":33,"column":4}}},"fnMap":{"0":{"name":"(anonymous_0)","decl":{"start":{"line":3,"column":22},"end":{"line":3,"column":23}},"loc":{"start":{"line":3,"column":50},"end":{"line":34,"column":1}},"line":3}},"branchMap":{"0":{"loc":{"start":{"line":4,"column":2},"end":{"line":6,"column":3}},"type":"if","locations":[{"start":{"line":4,"column":2},"end":{"line":6,"column":3}},{"start":{"line":4,"column":2},"end":{"line":6,"column":3}}],"line":4}},"s":{"0":1,"1":0,"2":0,"3":0},"f":{"0":0},"b":{"0":[0,0]},"_coverageSchema":"1a1c01bbd47fc00a2c39e90264f33305004495a9","hash":"7ef12c9b703986924c9d1cf78f3d026b8ba3dedc"}
,"/home/mcvey/hackreactor/work/FEC/src/Components/Reviews/CharactersisticsFormComponents/WidthSelector.jsx": {"path":"/home/mcvey/hackreactor/work/FEC/src/Components/Reviews/CharactersisticsFormComponents/WidthSelector.jsx","statementMap":{"0":{"start":{"line":3,"column":23},"end":{"line":34,"column":1}},"1":{"start":{"line":4,"column":2},"end":{"line":6,"column":3}},"2":{"start":{"line":5,"column":4},"end":{"line":5,"column":16}},"3":{"start":{"line":7,"column":2},"end":{"line":33,"column":4}}},"fnMap":{"0":{"name":"(anonymous_0)","decl":{"start":{"line":3,"column":23},"end":{"line":3,"column":24}},"loc":{"start":{"line":3,"column":51},"end":{"line":34,"column":1}},"line":3}},"branchMap":{"0":{"loc":{"start":{"line":4,"column":2},"end":{"line":6,"column":3}},"type":"if","locations":[{"start":{"line":4,"column":2},"end":{"line":6,"column":3}},{"start":{"line":4,"column":2},"end":{"line":6,"column":3}}],"line":4}},"s":{"0":1,"1":0,"2":0,"3":0},"f":{"0":0},"b":{"0":[0,0]},"_coverageSchema":"1a1c01bbd47fc00a2c39e90264f33305004495a9","hash":"f8d9761c9f3546cc6c990fccca2c89f8f94f2a87"}
,"/home/mcvey/hackreactor/work/FEC/src/Components/Reviews/FactorsComponents/ComfortBarComponent.jsx": {"path":"/home/mcvey/hackreactor/work/FEC/src/Components/Reviews/FactorsComponents/ComfortBarComponent.jsx","statementMap":{"0":{"start":{"line":3,"column":19},"end":{"line":35,"column":1}},"1":{"start":{"line":4,"column":2},"end":{"line":6,"column":3}},"2":{"start":{"line":5,"column":4},"end":{"line":5,"column":16}},"3":{"start":{"line":7,"column":20},"end":{"line":7,"column":27}},"4":{"start":{"line":8,"column":23},"end":{"line":8,"column":32}},"5":{"start":{"line":9,"column":25},"end":{"line":9,"column":61}},"6":{"start":{"line":10,"column":2},"end":{"line":34,"column":4}}},"fnMap":{"0":{"name":"(anonymous_0)","decl":{"start":{"line":3,"column":19},"end":{"line":3,"column":20}},"loc":{"start":{"line":3,"column":36},"end":{"line":35,"column":1}},"line":3}},"branchMap":{"0":{"loc":{"start":{"line":4,"column":2},"end":{"line":6,"column":3}},"type":"if","locations":[{"start":{"line":4,"column":2},"end":{"line":6,"column":3}},{"start":{"line":4,"column":2},"end":{"line":6,"column":3}}],"line":4}},"s":{"0":1,"1":0,"2":0,"3":0,"4":0,"5":0,"6":0},"f":{"0":0},"b":{"0":[0,0]},"_coverageSchema":"1a1c01bbd47fc00a2c39e90264f33305004495a9","hash":"e0b93f42ddc3a07927eb47d3e77aa29cf90a9992"}
,"/home/mcvey/hackreactor/work/FEC/src/Components/Reviews/FactorsComponents/FitBarComponent.jsx": {"path":"/home/mcvey/hackreactor/work/FEC/src/Components/Reviews/FactorsComponents/FitBarComponent.jsx","statementMap":{"0":{"start":{"line":3,"column":15},"end":{"line":35,"column":1}},"1":{"start":{"line":4,"column":2},"end":{"line":6,"column":3}},"2":{"start":{"line":5,"column":4},"end":{"line":5,"column":16}},"3":{"start":{"line":7,"column":20},"end":{"line":7,"column":23}},"4":{"start":{"line":8,"column":23},"end":{"line":8,"column":32}},"5":{"start":{"line":9,"column":25},"end":{"line":9,"column":61}},"6":{"start":{"line":10,"column":2},"end":{"line":34,"column":4}}},"fnMap":{"0":{"name":"(anonymous_0)","decl":{"start":{"line":3,"column":15},"end":{"line":3,"column":16}},"loc":{"start":{"line":3,"column":28},"end":{"line":35,"column":1}},"line":3}},"branchMap":{"0":{"loc":{"start":{"line":4,"column":2},"end":{"line":6,"column":3}},"type":"if","locations":[{"start":{"line":4,"column":2},"end":{"line":6,"column":3}},{"start":{"line":4,"column":2},"end":{"line":6,"column":3}}],"line":4}},"s":{"0":1,"1":0,"2":0,"3":0,"4":0,"5":0,"6":0},"f":{"0":0},"b":{"0":[0,0]},"_coverageSchema":"1a1c01bbd47fc00a2c39e90264f33305004495a9","hash":"59d3b814fbecdef10f986993fd065c73d4e69e3f"}
,"/home/mcvey/hackreactor/work/FEC/src/Components/Reviews/FactorsComponents/LengthBarComponent.jsx": {"path":"/home/mcvey/hackreactor/work/FEC/src/Components/Reviews/FactorsComponents/LengthBarComponent.jsx","statementMap":{"0":{"start":{"line":3,"column":18},"end":{"line":35,"column":1}},"1":{"start":{"line":4,"column":2},"end":{"line":6,"column":3}},"2":{"start":{"line":5,"column":4},"end":{"line":5,"column":16}},"3":{"start":{"line":7,"column":20},"end":{"line":7,"column":26}},"4":{"start":{"line":8,"column":23},"end":{"line":8,"column":32}},"5":{"start":{"line":9,"column":25},"end":{"line":9,"column":61}},"6":{"start":{"line":10,"column":2},"end":{"line":34,"column":4}}},"fnMap":{"0":{"name":"(anonymous_0)","decl":{"start":{"line":3,"column":18},"end":{"line":3,"column":19}},"loc":{"start":{"line":3,"column":34},"end":{"line":35,"column":1}},"line":3}},"branchMap":{"0":{"loc":{"start":{"line":4,"column":2},"end":{"line":6,"column":3}},"type":"if","locations":[{"start":{"line":4,"column":2},"end":{"line":6,"column":3}},{"start":{"line":4,"column":2},"end":{"line":6,"column":3}}],"line":4}},"s":{"0":1,"1":0,"2":0,"3":0,"4":0,"5":0,"6":0},"f":{"0":0},"b":{"0":[0,0]},"_coverageSchema":"1a1c01bbd47fc00a2c39e90264f33305004495a9","hash":"313424d9cdaa1924a2eee822b14e93441b912e17"}
,"/home/mcvey/hackreactor/work/FEC/src/Components/Reviews/FactorsComponents/QualityBarComponent.jsx": {"path":"/home/mcvey/hackreactor/work/FEC/src/Components/Reviews/FactorsComponents/QualityBarComponent.jsx","statementMap":{"0":{"start":{"line":3,"column":19},"end":{"line":35,"column":1}},"1":{"start":{"line":4,"column":2},"end":{"line":6,"column":3}},"2":{"start":{"line":5,"column":4},"end":{"line":5,"column":16}},"3":{"start":{"line":7,"column":20},"end":{"line":7,"column":27}},"4":{"start":{"line":8,"column":23},"end":{"line":8,"column":32}},"5":{"start":{"line":9,"column":25},"end":{"line":9,"column":61}},"6":{"start":{"line":10,"column":2},"end":{"line":34,"column":4}}},"fnMap":{"0":{"name":"(anonymous_0)","decl":{"start":{"line":3,"column":19},"end":{"line":3,"column":20}},"loc":{"start":{"line":3,"column":36},"end":{"line":35,"column":1}},"line":3}},"branchMap":{"0":{"loc":{"start":{"line":4,"column":2},"end":{"line":6,"column":3}},"type":"if","locations":[{"start":{"line":4,"column":2},"end":{"line":6,"column":3}},{"start":{"line":4,"column":2},"end":{"line":6,"column":3}}],"line":4}},"s":{"0":1,"1":0,"2":0,"3":0,"4":0,"5":0,"6":0},"f":{"0":0},"b":{"0":[0,0]},"_coverageSchema":"1a1c01bbd47fc00a2c39e90264f33305004495a9","hash":"0c43d25e4bedd97e871d5c9f1474d77a48166290"}
,"/home/mcvey/hackreactor/work/FEC/src/Components/Reviews/FactorsComponents/SizeBarComponent.jsx": {"path":"/home/mcvey/hackreactor/work/FEC/src/Components/Reviews/FactorsComponents/SizeBarComponent.jsx","statementMap":{"0":{"start":{"line":3,"column":16},"end":{"line":36,"column":1}},"1":{"start":{"line":4,"column":2},"end":{"line":6,"column":3}},"2":{"start":{"line":5,"column":4},"end":{"line":5,"column":16}},"3":{"start":{"line":7,"column":20},"end":{"line":7,"column":24}},"4":{"start":{"line":8,"column":23},"end":{"line":8,"column":32}},"5":{"start":{"line":9,"column":25},"end":{"line":9,"column":61}},"6":{"start":{"line":11,"column":2},"end":{"line":35,"column":4}}},"fnMap":{"0":{"name":"(anonymous_0)","decl":{"start":{"line":3,"column":16},"end":{"line":3,"column":17}},"loc":{"start":{"line":3,"column":30},"end":{"line":36,"column":1}},"line":3}},"branchMap":{"0":{"loc":{"start":{"line":4,"column":2},"end":{"line":6,"column":3}},"type":"if","locations":[{"start":{"line":4,"column":2},"end":{"line":6,"column":3}},{"start":{"line":4,"column":2},"end":{"line":6,"column":3}}],"line":4}},"s":{"0":1,"1":0,"2":0,"3":0,"4":0,"5":0,"6":0},"f":{"0":0},"b":{"0":[0,0]},"_coverageSchema":"1a1c01bbd47fc00a2c39e90264f33305004495a9","hash":"238f5554075bb8fdaa8a125f5f0160b154b65908"}
,"/home/mcvey/hackreactor/work/FEC/src/Components/Reviews/FactorsComponents/WidthBarComponent.jsx": {"path":"/home/mcvey/hackreactor/work/FEC/src/Components/Reviews/FactorsComponents/WidthBarComponent.jsx","statementMap":{"0":{"start":{"line":3,"column":17},"end":{"line":35,"column":1}},"1":{"start":{"line":4,"column":2},"end":{"line":6,"column":3}},"2":{"start":{"line":5,"column":4},"end":{"line":5,"column":16}},"3":{"start":{"line":7,"column":20},"end":{"line":7,"column":25}},"4":{"start":{"line":8,"column":23},"end":{"line":8,"column":32}},"5":{"start":{"line":9,"column":25},"end":{"line":9,"column":61}},"6":{"start":{"line":10,"column":2},"end":{"line":34,"column":4}}},"fnMap":{"0":{"name":"(anonymous_0)","decl":{"start":{"line":3,"column":17},"end":{"line":3,"column":18}},"loc":{"start":{"line":3,"column":32},"end":{"line":35,"column":1}},"line":3}},"branchMap":{"0":{"loc":{"start":{"line":4,"column":2},"end":{"line":6,"column":3}},"type":"if","locations":[{"start":{"line":4,"column":2},"end":{"line":6,"column":3}},{"start":{"line":4,"column":2},"end":{"line":6,"column":3}}],"line":4}},"s":{"0":1,"1":0,"2":0,"3":0,"4":0,"5":0,"6":0},"f":{"0":0},"b":{"0":[0,0]},"_coverageSchema":"1a1c01bbd47fc00a2c39e90264f33305004495a9","hash":"ebfcd7d6b37251ccc3e0f1cb111c810b41c8192c"}
,"/home/mcvey/hackreactor/work/FEC/src/Components/Reviews/TileComponents/PhotoModal.jsx": {"path":"/home/mcvey/hackreactor/work/FEC/src/Components/Reviews/TileComponents/PhotoModal.jsx","statementMap":{"0":{"start":{"line":3,"column":19},"end":{"line":19,"column":1}},"1":{"start":{"line":4,"column":2},"end":{"line":18,"column":4}}},"fnMap":{"0":{"name":"(anonymous_0)","decl":{"start":{"line":3,"column":19},"end":{"line":3,"column":20}},"loc":{"start":{"line":3,"column":42},"end":{"line":19,"column":1}},"line":3}},"branchMap":{},"s":{"0":1,"1":0},"f":{"0":0},"b":{},"_coverageSchema":"1a1c01bbd47fc00a2c39e90264f33305004495a9","hash":"57c5fba58d05fdeabdfaca5b04f0b04909a70b37"}
,"/home/mcvey/hackreactor/work/FEC/src/Components/Reviews/TileComponents/Star.jsx": {"path":"/home/mcvey/hackreactor/work/FEC/src/Components/Reviews/TileComponents/Star.jsx","statementMap":{"0":{"start":{"line":3,"column":13},"end":{"line":26,"column":1}},"1":{"start":{"line":4,"column":16},"end":{"line":4,"column":29}},"2":{"start":{"line":6,"column":2},"end":{"line":25,"column":4}}},"fnMap":{"0":{"name":"(anonymous_0)","decl":{"start":{"line":3,"column":13},"end":{"line":3,"column":14}},"loc":{"start":{"line":3,"column":32},"end":{"line":26,"column":1}},"line":3}},"branchMap":{},"s":{"0":1,"1":0,"2":0},"f":{"0":0},"b":{},"_coverageSchema":"1a1c01bbd47fc00a2c39e90264f33305004495a9","hash":"838d1bbd42d12552a86f6998e3d05b255abccb76"}
,"/home/mcvey/hackreactor/work/FEC/src/Components/Reviews/TileComponents/TileBody.jsx": {"path":"/home/mcvey/hackreactor/work/FEC/src/Components/Reviews/TileComponents/TileBody.jsx","statementMap":{"0":{"start":{"line":5,"column":4},"end":{"line":5,"column":17}},"1":{"start":{"line":6,"column":4},"end":{"line":9,"column":6}},"2":{"start":{"line":10,"column":4},"end":{"line":10,"column":59}},"3":{"start":{"line":14,"column":21},"end":{"line":14,"column":31}},"4":{"start":{"line":15,"column":4},"end":{"line":22,"column":5}},"5":{"start":{"line":16,"column":22},"end":{"line":16,"column":24}},"6":{"start":{"line":17,"column":6},"end":{"line":17,"column":45}},"7":{"start":{"line":18,"column":6},"end":{"line":21,"column":9}},"8":{"start":{"line":26,"column":4},"end":{"line":28,"column":7}},"9":{"start":{"line":32,"column":21},"end":{"line":32,"column":31}},"10":{"start":{"line":33,"column":37},"end":{"line":33,"column":47}},"11":{"start":{"line":34,"column":4},"end":{"line":38,"column":6}}},"fnMap":{"0":{"name":"(anonymous_0)","decl":{"start":{"line":4,"column":2},"end":{"line":4,"column":3}},"loc":{"start":{"line":4,"column":21},"end":{"line":11,"column":3}},"line":4},"1":{"name":"(anonymous_1)","decl":{"start":{"line":13,"column":2},"end":{"line":13,"column":3}},"loc":{"start":{"line":13,"column":22},"end":{"line":23,"column":3}},"line":13},"2":{"name":"(anonymous_2)","decl":{"start":{"line":25,"column":2},"end":{"line":25,"column":3}},"loc":{"start":{"line":25,"column":20},"end":{"line":29,"column":3}},"line":25},"3":{"name":"(anonymous_3)","decl":{"start":{"line":31,"column":2},"end":{"line":31,"column":3}},"loc":{"start":{"line":31,"column":11},"end":{"line":39,"column":3}},"line":31}},"branchMap":{"0":{"loc":{"start":{"line":15,"column":4},"end":{"line":22,"column":5}},"type":"if","locations":[{"start":{"line":15,"column":4},"end":{"line":22,"column":5}},{"start":{"line":15,"column":4},"end":{"line":22,"column":5}}],"line":15},"1":{"loc":{"start":{"line":36,"column":35},"end":{"line":36,"column":63}},"type":"cond-expr","locations":[{"start":{"line":36,"column":47},"end":{"line":36,"column":56}},{"start":{"line":36,"column":59},"end":{"line":36,"column":63}}],"line":36},"2":{"loc":{"start":{"line":36,"column":65},"end":{"line":36,"column":156}},"type":"cond-expr","locations":[{"start":{"line":36,"column":77},"end":{"line":36,"column":149}},{"start":{"line":36,"column":152},"end":{"line":36,"column":156}}],"line":36}},"s":{"0":0,"1":0,"2":0,"3":0,"4":0,"5":0,"6":0,"7":0,"8":0,"9":0,"10":0,"11":0},"f":{"0":0,"1":0,"2":0,"3":0},"b":{"0":[0,0],"1":[0,0],"2":[0,0]},"_coverageSchema":"1a1c01bbd47fc00a2c39e90264f33305004495a9","hash":"f94d400893d95a820601515dbd63feb4f28161d3"}
,"/home/mcvey/hackreactor/work/FEC/src/Components/Reviews/TileComponents/TileHelpfulReport.jsx": {"path":"/home/mcvey/hackreactor/work/FEC/src/Components/Reviews/TileComponents/TileHelpfulReport.jsx","statementMap":{"0":{"start":{"line":5,"column":4},"end":{"line":5,"column":17}},"1":{"start":{"line":6,"column":4},"end":{"line":9,"column":6}},"2":{"start":{"line":10,"column":4},"end":{"line":10,"column":51}},"3":{"start":{"line":11,"column":4},"end":{"line":11,"column":53}},"4":{"start":{"line":15,"column":4},"end":{"line":17,"column":7}},"5":{"start":{"line":21,"column":4},"end":{"line":23,"column":7}},"6":{"start":{"line":27,"column":61},"end":{"line":27,"column":71}},"7":{"start":{"line":28,"column":34},"end":{"line":28,"column":44}},"8":{"start":{"line":29,"column":4},"end":{"line":70,"column":5}},"9":{"start":{"line":30,"column":6},"end":{"line":57,"column":8}},"10":{"start":{"line":37,"column":16},"end":{"line":39,"column":19}},"11":{"start":{"line":38,"column":18},"end":{"line":38,"column":37}},"12":{"start":{"line":48,"column":16},"end":{"line":50,"column":19}},"13":{"start":{"line":49,"column":18},"end":{"line":49,"column":38}},"14":{"start":{"line":58,"column":11},"end":{"line":70,"column":5}},"15":{"start":{"line":59,"column":6},"end":{"line":63,"column":8}},"16":{"start":{"line":65,"column":6},"end":{"line":69,"column":8}}},"fnMap":{"0":{"name":"(anonymous_0)","decl":{"start":{"line":4,"column":2},"end":{"line":4,"column":3}},"loc":{"start":{"line":4,"column":21},"end":{"line":12,"column":3}},"line":4},"1":{"name":"(anonymous_1)","decl":{"start":{"line":14,"column":2},"end":{"line":14,"column":3}},"loc":{"start":{"line":14,"column":16},"end":{"line":18,"column":3}},"line":14},"2":{"name":"(anonymous_2)","decl":{"start":{"line":20,"column":2},"end":{"line":20,"column":3}},"loc":{"start":{"line":20,"column":17},"end":{"line":24,"column":3}},"line":20},"3":{"name":"(anonymous_3)","decl":{"start":{"line":26,"column":2},"end":{"line":26,"column":3}},"loc":{"start":{"line":26,"column":11},"end":{"line":71,"column":3}},"line":26},"4":{"name":"(anonymous_4)","decl":{"start":{"line":36,"column":23},"end":{"line":36,"column":24}},"loc":{"start":{"line":36,"column":29},"end":{"line":40,"column":15}},"line":36},"5":{"name":"(anonymous_5)","decl":{"start":{"line":37,"column":47},"end":{"line":37,"column":48}},"loc":{"start":{"line":37,"column":53},"end":{"line":39,"column":17}},"line":37},"6":{"name":"(anonymous_6)","decl":{"start":{"line":47,"column":23},"end":{"line":47,"column":24}},"loc":{"start":{"line":47,"column":29},"end":{"line":51,"column":15}},"line":47},"7":{"name":"(anonymous_7)","decl":{"start":{"line":48,"column":40},"end":{"line":48,"column":41}},"loc":{"start":{"line":48,"column":46},"end":{"line":50,"column":17}},"line":48}},"branchMap":{"0":{"loc":{"start":{"line":29,"column":4},"end":{"line":70,"column":5}},"type":"if","locations":[{"start":{"line":29,"column":4},"end":{"line":70,"column":5}},{"start":{"line":29,"column":4},"end":{"line":70,"column":5}}],"line":29},"1":{"loc":{"start":{"line":29,"column":8},"end":{"line":29,"column":29}},"type":"binary-expr","locations":[{"start":{"line":29,"column":8},"end":{"line":29,"column":16}},{"start":{"line":29,"column":20},"end":{"line":29,"column":29}}],"line":29},"2":{"loc":{"start":{"line":58,"column":11},"end":{"line":70,"column":5}},"type":"if","locations":[{"start":{"line":58,"column":11},"end":{"line":70,"column":5}},{"start":{"line":58,"column":11},"end":{"line":70,"column":5}}],"line":58}},"s":{"0":0,"1":0,"2":0,"3":0,"4":0,"5":0,"6":0,"7":0,"8":0,"9":0,"10":0,"11":0,"12":0,"13":0,"14":0,"15":0,"16":0},"f":{"0":0,"1":0,"2":0,"3":0,"4":0,"5":0,"6":0,"7":0},"b":{"0":[0,0],"1":[0,0],"2":[0,0]},"_coverageSchema":"1a1c01bbd47fc00a2c39e90264f33305004495a9","hash":"2ad20a3102ae2d27e79bdfad3394f081caf0da81"}
,"/home/mcvey/hackreactor/work/FEC/src/Components/Reviews/TileComponents/TilePhotos.jsx": {"path":"/home/mcvey/hackreactor/work/FEC/src/Components/Reviews/TileComponents/TilePhotos.jsx","statementMap":{"0":{"start":{"line":5,"column":19},"end":{"line":19,"column":1}},"1":{"start":{"line":6,"column":2},"end":{"line":8,"column":3}},"2":{"start":{"line":7,"column":4},"end":{"line":7,"column":16}},"3":{"start":{"line":9,"column":2},"end":{"line":18,"column":4}},"4":{"start":{"line":12,"column":25},"end":{"line":12,"column":46}},"5":{"start":{"line":13,"column":8},"end":{"line":15,"column":9}},"6":{"start":{"line":14,"column":10},"end":{"line":14,"column":60}}},"fnMap":{"0":{"name":"(anonymous_0)","decl":{"start":{"line":5,"column":19},"end":{"line":5,"column":20}},"loc":{"start":{"line":5,"column":35},"end":{"line":19,"column":1}},"line":5},"1":{"name":"(anonymous_1)","decl":{"start":{"line":11,"column":18},"end":{"line":11,"column":19}},"loc":{"start":{"line":11,"column":29},"end":{"line":16,"column":7}},"line":11}},"branchMap":{"0":{"loc":{"start":{"line":6,"column":2},"end":{"line":8,"column":3}},"type":"if","locations":[{"start":{"line":6,"column":2},"end":{"line":8,"column":3}},{"start":{"line":6,"column":2},"end":{"line":8,"column":3}}],"line":6},"1":{"loc":{"start":{"line":13,"column":8},"end":{"line":15,"column":9}},"type":"if","locations":[{"start":{"line":13,"column":8},"end":{"line":15,"column":9}},{"start":{"line":13,"column":8},"end":{"line":15,"column":9}}],"line":13}},"s":{"0":1,"1":0,"2":0,"3":0,"4":0,"5":0,"6":0},"f":{"0":0,"1":0},"b":{"0":[0,0],"1":[0,0]},"_coverageSchema":"1a1c01bbd47fc00a2c39e90264f33305004495a9","hash":"a0d3d702dfb7250499d6124aefb6e2a4bb308efe"}
,"/home/mcvey/hackreactor/work/FEC/src/Components/Reviews/TileComponents/TileRecommend.jsx": {"path":"/home/mcvey/hackreactor/work/FEC/src/Components/Reviews/TileComponents/TileRecommend.jsx","statementMap":{"0":{"start":{"line":3,"column":22},"end":{"line":26,"column":1}},"1":{"start":{"line":4,"column":2},"end":{"line":6,"column":3}},"2":{"start":{"line":5,"column":4},"end":{"line":5,"column":16}},"3":{"start":{"line":7,"column":2},"end":{"line":25,"column":4}}},"fnMap":{"0":{"name":"(anonymous_0)","decl":{"start":{"line":3,"column":22},"end":{"line":3,"column":23}},"loc":{"start":{"line":3,"column":41},"end":{"line":26,"column":1}},"line":3}},"branchMap":{"0":{"loc":{"start":{"line":4,"column":2},"end":{"line":6,"column":3}},"type":"if","locations":[{"start":{"line":4,"column":2},"end":{"line":6,"column":3}},{"start":{"line":4,"column":2},"end":{"line":6,"column":3}}],"line":4}},"s":{"0":1,"1":0,"2":0,"3":0},"f":{"0":0},"b":{"0":[0,0]},"_coverageSchema":"1a1c01bbd47fc00a2c39e90264f33305004495a9","hash":"a4f0410604dc001bf1e617989d2390a87be5ba47"}
,"/home/mcvey/hackreactor/work/FEC/src/Components/Reviews/TileComponents/TileResponse.jsx": {"path":"/home/mcvey/hackreactor/work/FEC/src/Components/Reviews/TileComponents/TileResponse.jsx","statementMap":{"0":{"start":{"line":3,"column":21},"end":{"line":13,"column":1}},"1":{"start":{"line":4,"column":2},"end":{"line":6,"column":3}},"2":{"start":{"line":5,"column":4},"end":{"line":5,"column":16}},"3":{"start":{"line":7,"column":2},"end":{"line":12,"column":4}}},"fnMap":{"0":{"name":"(anonymous_0)","decl":{"start":{"line":3,"column":21},"end":{"line":3,"column":22}},"loc":{"start":{"line":3,"column":39},"end":{"line":13,"column":1}},"line":3}},"branchMap":{"0":{"loc":{"start":{"line":4,"column":2},"end":{"line":6,"column":3}},"type":"if","locations":[{"start":{"line":4,"column":2},"end":{"line":6,"column":3}},{"start":{"line":4,"column":2},"end":{"line":6,"column":3}}],"line":4}},"s":{"0":1,"1":0,"2":0,"3":0},"f":{"0":0},"b":{"0":[0,0]},"_coverageSchema":"1a1c01bbd47fc00a2c39e90264f33305004495a9","hash":"9dd8e7f0bd06cab3d92ed46c97062b3a830d1e49"}
,"/home/mcvey/hackreactor/work/FEC/src/Components/Reviews/TileComponents/TileStars.jsx": {"path":"/home/mcvey/hackreactor/work/FEC/src/Components/Reviews/TileComponents/TileStars.jsx","statementMap":{"0":{"start":{"line":5,"column":18},"end":{"line":24,"column":1}},"1":{"start":{"line":6,"column":22},"end":{"line":6,"column":28}},"2":{"start":{"line":7,"column":20},"end":{"line":7,"column":22}},"3":{"start":{"line":9,"column":2},"end":{"line":16,"column":3}},"4":{"start":{"line":9,"column":15},"end":{"line":9,"column":16}},"5":{"start":{"line":10,"column":4},"end":{"line":15,"column":5}},"6":{"start":{"line":11,"column":6},"end":{"line":11,"column":57}},"7":{"start":{"line":12,"column":11},"end":{"line":15,"column":5}},"8":{"start":{"line":13,"column":6},"end":{"line":13,"column":59}},"9":{"start":{"line":14,"column":6},"end":{"line":14,"column":25}},"10":{"start":{"line":17,"column":2},"end":{"line":23,"column":4}},"11":{"start":{"line":20,"column":8},"end":{"line":20,"column":73}}},"fnMap":{"0":{"name":"(anonymous_0)","decl":{"start":{"line":5,"column":18},"end":{"line":5,"column":19}},"loc":{"start":{"line":5,"column":34},"end":{"line":24,"column":1}},"line":5},"1":{"name":"(anonymous_1)","decl":{"start":{"line":19,"column":21},"end":{"line":19,"column":22}},"loc":{"start":{"line":19,"column":32},"end":{"line":21,"column":7}},"line":19}},"branchMap":{"0":{"loc":{"start":{"line":10,"column":4},"end":{"line":15,"column":5}},"type":"if","locations":[{"start":{"line":10,"column":4},"end":{"line":15,"column":5}},{"start":{"line":10,"column":4},"end":{"line":15,"column":5}}],"line":10},"1":{"loc":{"start":{"line":12,"column":11},"end":{"line":15,"column":5}},"type":"if","locations":[{"start":{"line":12,"column":11},"end":{"line":15,"column":5}},{"start":{"line":12,"column":11},"end":{"line":15,"column":5}}],"line":12}},"s":{"0":1,"1":0,"2":0,"3":0,"4":0,"5":0,"6":0,"7":0,"8":0,"9":0,"10":0,"11":0},"f":{"0":0,"1":0},"b":{"0":[0,0],"1":[0,0]},"_coverageSchema":"1a1c01bbd47fc00a2c39e90264f33305004495a9","hash":"c447fea16a3a917455614fa57f7ea824871e2f9f"}
,"/home/mcvey/hackreactor/work/FEC/src/Components/Reviews/TileComponents/TileSummary.jsx": {"path":"/home/mcvey/hackreactor/work/FEC/src/Components/Reviews/TileComponents/TileSummary.jsx","statementMap":{"0":{"start":{"line":3,"column":20},"end":{"line":9,"column":1}},"1":{"start":{"line":4,"column":2},"end":{"line":8,"column":4}}},"fnMap":{"0":{"name":"(anonymous_0)","decl":{"start":{"line":3,"column":20},"end":{"line":3,"column":21}},"loc":{"start":{"line":3,"column":37},"end":{"line":9,"column":1}},"line":3}},"branchMap":{},"s":{"0":1,"1":0},"f":{"0":0},"b":{},"_coverageSchema":"1a1c01bbd47fc00a2c39e90264f33305004495a9","hash":"2cf9eba7ab1adaef7d6bc532eb857faddfb9c4fe"}
,"/home/mcvey/hackreactor/work/FEC/src/Components/Reviews/TileComponents/TileThumbnail.jsx": {"path":"/home/mcvey/hackreactor/work/FEC/src/Components/Reviews/TileComponents/TileThumbnail.jsx","statementMap":{"0":{"start":{"line":7,"column":4},"end":{"line":7,"column":17}},"1":{"start":{"line":8,"column":4},"end":{"line":10,"column":6}},"2":{"start":{"line":11,"column":4},"end":{"line":11,"column":51}},"3":{"start":{"line":15,"column":24},"end":{"line":15,"column":34}},"4":{"start":{"line":16,"column":4},"end":{"line":18,"column":7}},"5":{"start":{"line":22,"column":22},"end":{"line":22,"column":32}},"6":{"start":{"line":23,"column":24},"end":{"line":23,"column":34}},"7":{"start":{"line":24,"column":4},"end":{"line":36,"column":6}}},"fnMap":{"0":{"name":"(anonymous_0)","decl":{"start":{"line":6,"column":2},"end":{"line":6,"column":3}},"loc":{"start":{"line":6,"column":21},"end":{"line":12,"column":3}},"line":6},"1":{"name":"(anonymous_1)","decl":{"start":{"line":14,"column":2},"end":{"line":14,"column":3}},"loc":{"start":{"line":14,"column":16},"end":{"line":19,"column":3}},"line":14},"2":{"name":"(anonymous_2)","decl":{"start":{"line":21,"column":2},"end":{"line":21,"column":3}},"loc":{"start":{"line":21,"column":11},"end":{"line":37,"column":3}},"line":21}},"branchMap":{"0":{"loc":{"start":{"line":32,"column":9},"end":{"line":34,"column":16}},"type":"cond-expr","locations":[{"start":{"line":33,"column":10},"end":{"line":33,"column":64}},{"start":{"line":34,"column":12},"end":{"line":34,"column":16}}],"line":32}},"s":{"0":0,"1":0,"2":0,"3":0,"4":0,"5":0,"6":0,"7":0},"f":{"0":0,"1":0,"2":0},"b":{"0":[0,0]},"_coverageSchema":"1a1c01bbd47fc00a2c39e90264f33305004495a9","hash":"3135520e1a25e093ecbedc549b0b3edf44be5345"}
,"/home/mcvey/hackreactor/work/FEC/src/Components/Reviews/TileComponents/TileUserDate.jsx": {"path":"/home/mcvey/hackreactor/work/FEC/src/Components/Reviews/TileComponents/TileUserDate.jsx","statementMap":{"0":{"start":{"line":3,"column":21},"end":{"line":12,"column":1}},"1":{"start":{"line":4,"column":18},"end":{"line":4,"column":68}},"2":{"start":{"line":5,"column":24},"end":{"line":5,"column":77}},"3":{"start":{"line":7,"column":2},"end":{"line":11,"column":4}}},"fnMap":{"0":{"name":"(anonymous_0)","decl":{"start":{"line":3,"column":21},"end":{"line":3,"column":22}},"loc":{"start":{"line":3,"column":41},"end":{"line":12,"column":1}},"line":3}},"branchMap":{},"s":{"0":1,"1":0,"2":0,"3":0},"f":{"0":0},"b":{},"_coverageSchema":"1a1c01bbd47fc00a2c39e90264f33305004495a9","hash":"2bcd6bd2dc828a5ccbc07ee11b3844df9025c8ff"}
,"/home/mcvey/hackreactor/work/FEC/tests/sum.js": {"path":"/home/mcvey/hackreactor/work/FEC/tests/sum.js","statementMap":{"0":{"start":{"line":2,"column":2},"end":{"line":2,"column":15}},"1":{"start":{"line":5,"column":0},"end":{"line":5,"column":21}}},"fnMap":{"0":{"name":"sum","decl":{"start":{"line":1,"column":9},"end":{"line":1,"column":12}},"loc":{"start":{"line":1,"column":19},"end":{"line":3,"column":1}},"line":1}},"branchMap":{},"s":{"0":1,"1":1},"f":{"0":1},"b":{},"_coverageSchema":"1a1c01bbd47fc00a2c39e90264f33305004495a9","hash":"75ee00c9b69c3ca540eafe8fd3c1ff710aebc17f"}
}
